<?xml version="1.0" encoding="UTF-8"?>
<!-- Generated by org.testng.reporters.JUnitReportReporter -->
<testsuite skipped="0" hostname="SYS" name="GitHubProject.LoingandLogoutApplicationTest" tests="2" failures="0" timestamp="16 Jul 2018 16:57:42 GMT" time="47.039" errors="0">
  <testcase name="OpenApplication" time="43.941" classname="GitHubProject.LoingandLogoutApplicationTest"/>
  <testcase name="LogoutApplication" time="3.098" classname="GitHubProject.LoingandLogoutApplicationTest"/>
</testsuite> <!-- GitHubProject.LoingandLogoutApplicationTest -->
